0 info it worked if it ends with ok
1 verbose cli [ '/usr/local/Cellar/node/6.3.1/bin/node',
1 verbose cli   '/usr/local/bin/npm',
1 verbose cli   'install',
1 verbose cli   '--save',
1 verbose cli   'express-handlebar' ]
2 info using npm@3.10.3
3 info using node@v6.3.1
4 silly loadCurrentTree Starting
5 silly install loadCurrentTree
6 silly install readLocalPackageData
7 silly fetchPackageMetaData express-handlebar
8 silly fetchNamedPackageData express-handlebar
9 silly mapToRegistry name express-handlebar
10 silly mapToRegistry using default registry
11 silly mapToRegistry registry https://registry.npmjs.org/
12 silly mapToRegistry data Result {
12 silly mapToRegistry   raw: 'express-handlebar',
12 silly mapToRegistry   scope: null,
12 silly mapToRegistry   escapedName: 'express-handlebar',
12 silly mapToRegistry   name: 'express-handlebar',
12 silly mapToRegistry   rawSpec: '',
12 silly mapToRegistry   spec: 'latest',
12 silly mapToRegistry   type: 'tag' }
13 silly mapToRegistry uri https://registry.npmjs.org/express-handlebar
14 verbose request uri https://registry.npmjs.org/express-handlebar
15 verbose request no auth needed
16 info attempt registry request try #1 at 1:38:41 PM
17 verbose request id 13fcdcbcbdbd8197
18 http request GET https://registry.npmjs.org/express-handlebar
19 info retry will retry, error on last attempt: Error: Hostname/IP doesn't match certificate's altnames: "Host: registry.npmjs.org. is not in the cert's altnames: DNS:securelogin.arubanetworks.com"
20 info attempt registry request try #2 at 1:38:55 PM
21 http request GET https://registry.npmjs.org/express-handlebar
22 info retry will retry, error on last attempt: Error: Hostname/IP doesn't match certificate's altnames: "Host: registry.npmjs.org. is not in the cert's altnames: DNS:securelogin.arubanetworks.com"
23 info attempt registry request try #3 at 1:39:56 PM
24 http request GET https://registry.npmjs.org/express-handlebar
25 silly fetchPackageMetaData Error: Hostname/IP doesn't match certificate's altnames: "Host: registry.npmjs.org. is not in the cert's altnames: DNS:securelogin.arubanetworks.com"
25 silly fetchPackageMetaData     at Object.checkServerIdentity (tls.js:199:15)
25 silly fetchPackageMetaData     at TLSSocket.<anonymous> (_tls_wrap.js:1066:29)
25 silly fetchPackageMetaData     at emitNone (events.js:86:13)
25 silly fetchPackageMetaData     at TLSSocket.emit (events.js:185:7)
25 silly fetchPackageMetaData     at TLSSocket._finishInit (_tls_wrap.js:584:8)
25 silly fetchPackageMetaData     at TLSWrap.ssl.onhandshakedone (_tls_wrap.js:416:38)
25 silly fetchPackageMetaData  error for express-handlebar { Error: Hostname/IP doesn't match certificate's altnames: "Host: registry.npmjs.org. is not in the cert's altnames: DNS:securelogin.arubanetworks.com"
25 silly fetchPackageMetaData     at Object.checkServerIdentity (tls.js:199:15)
25 silly fetchPackageMetaData     at TLSSocket.<anonymous> (_tls_wrap.js:1066:29)
25 silly fetchPackageMetaData     at emitNone (events.js:86:13)
25 silly fetchPackageMetaData     at TLSSocket.emit (events.js:185:7)
25 silly fetchPackageMetaData     at TLSSocket._finishInit (_tls_wrap.js:584:8)
25 silly fetchPackageMetaData     at TLSWrap.ssl.onhandshakedone (_tls_wrap.js:416:38)
25 silly fetchPackageMetaData   reason: 'Host: registry.npmjs.org. is not in the cert\'s altnames: DNS:securelogin.arubanetworks.com',
25 silly fetchPackageMetaData   host: 'registry.npmjs.org.',
25 silly fetchPackageMetaData   cert:
25 silly fetchPackageMetaData    { subject:
25 silly fetchPackageMetaData       { serialNumber: 'lLUge2fRPkWcJe7boLSVdsKOFK8wv3MF',
25 silly fetchPackageMetaData         C: 'US',
25 silly fetchPackageMetaData         O: 'securelogin.arubanetworks.com',
25 silly fetchPackageMetaData         OU: [Object],
25 silly fetchPackageMetaData         CN: 'securelogin.arubanetworks.com' },
25 silly fetchPackageMetaData      issuer:
25 silly fetchPackageMetaData       { C: 'US',
25 silly fetchPackageMetaData         O: 'GeoTrust Inc.',
25 silly fetchPackageMetaData         OU: 'Domain Validated SSL',
25 silly fetchPackageMetaData         CN: 'GeoTrust DV SSL CA' },
25 silly fetchPackageMetaData      subjectaltname: 'DNS:securelogin.arubanetworks.com',
25 silly fetchPackageMetaData      infoAccess: { 'CA Issuers - URI': [Object] },
25 silly fetchPackageMetaData      modulus: 'D1B5EEFBD489E98994C7153AE44226EC64AADB23EC2F660E1D39E047638576C6401DC9B4D0DB90BFB9B2BFEB1796A45DFB228CC88C4C2458139D16C70F1058B8B0208911EA77679C6B753B8CE6BF0ADB64564BAB63A0E52DC261D0B3B5E84AC5F0B2C8BD2996A3C47A004BBB4D5C51AFA7BA4AA480317519F3930FED4668607F4D427E07F022450FE3AC97102FDC08AA10C24851585F120952885E59CF59822A903626E74684BCEE16B1A5EE05C7738D352F40D92BC8BF15396364AEA89613E57C0FD10FF94C264A0BDD4D654BFF49E77EF1511721FCDCFD125737B0CF7C90B72884D5665FCAA86381F01AE526507AAFB9D0E74205EE471667A8B24131219787',
25 silly fetchPackageMetaData      exponent: '0x10001',
25 silly fetchPackageMetaData      valid_from: 'May 11 01:22:10 2011 GMT',
25 silly fetchPackageMetaData      valid_to: 'Aug 11 04:40:59 2017 GMT',
25 silly fetchPackageMetaData      fingerprint: '8F:1E:1F:C2:8F:AC:23:85:90:F0:80:ED:4F:2F:1F:88:5D:1F:CC:64',
25 silly fetchPackageMetaData      ext_key_usage: [ '1.3.6.1.5.5.7.3.1', '1.3.6.1.5.5.7.3.2' ],
25 silly fetchPackageMetaData      serialNumber: '01DA52',
25 silly fetchPackageMetaData      raw: <Buffer 30 82 05 22 30 82 04 0a a0 03 02 01 02 02 03 01 da 52 30 0d 06 09 2a 86 48 86 f7 0d 01 01 05 05 00 30 61 31 0b 30 09 06 03 55 04 06 13 02 55 53 31 16 ... > } }
26 silly rollbackFailedOptional Starting
27 silly rollbackFailedOptional Finishing
28 silly runTopLevelLifecycles Starting
29 silly runTopLevelLifecycles Finishing
30 silly install printInstalled
31 verbose stack Error: Hostname/IP doesn't match certificate's altnames: "Host: registry.npmjs.org. is not in the cert's altnames: DNS:securelogin.arubanetworks.com"
31 verbose stack     at Object.checkServerIdentity (tls.js:199:15)
31 verbose stack     at TLSSocket.<anonymous> (_tls_wrap.js:1066:29)
31 verbose stack     at emitNone (events.js:86:13)
31 verbose stack     at TLSSocket.emit (events.js:185:7)
31 verbose stack     at TLSSocket._finishInit (_tls_wrap.js:584:8)
31 verbose stack     at TLSWrap.ssl.onhandshakedone (_tls_wrap.js:416:38)
32 verbose cwd /Users/nora/Dev/WebDevNodeExpress
33 error Darwin 15.6.0
34 error argv "/usr/local/Cellar/node/6.3.1/bin/node" "/usr/local/bin/npm" "install" "--save" "express-handlebar"
35 error node v6.3.1
36 error npm  v3.10.3
37 error Hostname/IP doesn't match certificate's altnames: "Host: registry.npmjs.org. is not in the cert's altnames: DNS:securelogin.arubanetworks.com"
38 error If you need help, you may report this error at:
38 error     <https://github.com/npm/npm/issues>
39 verbose exit [ 1, true ]
